/home/chocolate/SEMEAR/remy/remy_ws/install/navegation/lib/python3.12/site-packages/navegation/joystick_reader.py
/home/chocolate/SEMEAR/remy/remy_ws/install/navegation/lib/python3.12/site-packages/navegation/__init__.py
/home/chocolate/SEMEAR/remy/remy_ws/install/navegation/lib/python3.12/site-packages/navegation/laser_to_pointcloud.py
/home/chocolate/SEMEAR/remy/remy_ws/install/navegation/lib/python3.12/site-packages/navegation/serial_controller.py
/home/chocolate/SEMEAR/remy/remy_ws/install/navegation/lib/python3.12/site-packages/navegation/odom_pub.py
/home/chocolate/SEMEAR/remy/remy_ws/install/navegation/lib/python3.12/site-packages/navegation/ps4_teleop_node.py
/home/chocolate/SEMEAR/remy/remy_ws/install/navegation/lib/python3.12/site-packages/navegation/__pycache__/joystick_reader.cpython-312.pyc
/home/chocolate/SEMEAR/remy/remy_ws/install/navegation/lib/python3.12/site-packages/navegation/__pycache__/__init__.cpython-312.pyc
/home/chocolate/SEMEAR/remy/remy_ws/install/navegation/lib/python3.12/site-packages/navegation/__pycache__/laser_to_pointcloud.cpython-312.pyc
/home/chocolate/SEMEAR/remy/remy_ws/install/navegation/lib/python3.12/site-packages/navegation/__pycache__/serial_controller.cpython-312.pyc
/home/chocolate/SEMEAR/remy/remy_ws/install/navegation/lib/python3.12/site-packages/navegation/__pycache__/odom_pub.cpython-312.pyc
/home/chocolate/SEMEAR/remy/remy_ws/install/navegation/lib/python3.12/site-packages/navegation/__pycache__/ps4_teleop_node.cpython-312.pyc
/home/chocolate/SEMEAR/remy/remy_ws/install/navegation/share/ament_index/resource_index/packages/navegation
/home/chocolate/SEMEAR/remy/remy_ws/install/navegation/share/navegation/package.xml
/home/chocolate/SEMEAR/remy/remy_ws/install/navegation/share/navegation/launch/localization_launch.py
/home/chocolate/SEMEAR/remy/remy_ws/install/navegation/share/navegation/launch/ekf_launch.py
/home/chocolate/SEMEAR/remy/remy_ws/install/navegation/share/navegation/config/ekf_filter_node.yaml
/home/chocolate/SEMEAR/remy/remy_ws/install/navegation/share/navegation/config/ekf_config.yaml
/home/chocolate/SEMEAR/remy/remy_ws/install/navegation/share/navegation/config/slam_params.yaml
/home/chocolate/SEMEAR/remy/remy_ws/install/navegation/share/navegation/config/ps4_teleop.yaml
/home/chocolate/SEMEAR/remy/remy_ws/install/navegation/share/navegation/maps/meu_mapa.yaml
/home/chocolate/SEMEAR/remy/remy_ws/install/navegation/share/navegation/maps/simulacao.pgm
/home/chocolate/SEMEAR/remy/remy_ws/install/navegation/share/navegation/maps/simulacao.yaml
/home/chocolate/SEMEAR/remy/remy_ws/install/navegation/share/navegation/maps/mapa_real.pgm
/home/chocolate/SEMEAR/remy/remy_ws/install/navegation/share/navegation/maps/mapa_real.yaml
/home/chocolate/SEMEAR/remy/remy_ws/install/navegation/share/navegation/maps/meu_mapa.pgm
/home/chocolate/SEMEAR/remy/remy_ws/install/navegation/lib/python3.12/site-packages/navegation-0.0.0-py3.12.egg-info/PKG-INFO
/home/chocolate/SEMEAR/remy/remy_ws/install/navegation/lib/python3.12/site-packages/navegation-0.0.0-py3.12.egg-info/SOURCES.txt
/home/chocolate/SEMEAR/remy/remy_ws/install/navegation/lib/python3.12/site-packages/navegation-0.0.0-py3.12.egg-info/zip-safe
/home/chocolate/SEMEAR/remy/remy_ws/install/navegation/lib/python3.12/site-packages/navegation-0.0.0-py3.12.egg-info/requires.txt
/home/chocolate/SEMEAR/remy/remy_ws/install/navegation/lib/python3.12/site-packages/navegation-0.0.0-py3.12.egg-info/top_level.txt
/home/chocolate/SEMEAR/remy/remy_ws/install/navegation/lib/python3.12/site-packages/navegation-0.0.0-py3.12.egg-info/entry_points.txt
/home/chocolate/SEMEAR/remy/remy_ws/install/navegation/lib/python3.12/site-packages/navegation-0.0.0-py3.12.egg-info/dependency_links.txt
/home/chocolate/SEMEAR/remy/remy_ws/install/navegation/lib/navegation/joystick_reader
/home/chocolate/SEMEAR/remy/remy_ws/install/navegation/lib/navegation/laser_to_pointcloud
/home/chocolate/SEMEAR/remy/remy_ws/install/navegation/lib/navegation/odom_pub
/home/chocolate/SEMEAR/remy/remy_ws/install/navegation/lib/navegation/ps4_teleop_node
/home/chocolate/SEMEAR/remy/remy_ws/install/navegation/lib/navegation/serial_controller
