[6.913s] Invoking command in '/home/chocolate/SEMEAR/remy/remy_ws/src/navegation': DEBUGINFOD_URLS=https://debuginfod.ubuntu.com PYTHONPATH=/home/chocolate/SEMEAR/remy/remy_ws/build/navegation/prefix_override:/usr/lib/python3/dist-packages/colcon_core/task/python/colcon_distutils_commands:/home/chocolate/SEMEAR/remy/remy_ws/install/navegation/lib/python3.12/site-packages:${PYTHONPATH} /usr/bin/python3 -W ignore:setup.py install is deprecated -W ignore:easy_install command is deprecated setup.py egg_info --egg-base ../../build/navegation build --build-base /home/chocolate/SEMEAR/remy/remy_ws/build/navegation/build install --record /home/chocolate/SEMEAR/remy/remy_ws/build/navegation/install.log --single-version-externally-managed install_data
[7.504s] running egg_info
[7.504s] creating ../../build/navegation/navegation.egg-info
[7.544s] writing ../../build/navegation/navegation.egg-info/PKG-INFO
[7.544s] writing dependency_links to ../../build/navegation/navegation.egg-info/dependency_links.txt
[7.544s] writing entry points to ../../build/navegation/navegation.egg-info/entry_points.txt
[7.545s] writing requirements to ../../build/navegation/navegation.egg-info/requires.txt
[7.545s] writing top-level names to ../../build/navegation/navegation.egg-info/top_level.txt
[7.545s] writing manifest file '../../build/navegation/navegation.egg-info/SOURCES.txt'
[7.626s] reading manifest file '../../build/navegation/navegation.egg-info/SOURCES.txt'
[7.627s] writing manifest file '../../build/navegation/navegation.egg-info/SOURCES.txt'
[7.627s] running build
[7.627s] running build_py
[7.628s] creating /home/chocolate/SEMEAR/remy/remy_ws/build/navegation/build
[7.628s] creating /home/chocolate/SEMEAR/remy/remy_ws/build/navegation/build/lib
[7.628s] creating /home/chocolate/SEMEAR/remy/remy_ws/build/navegation/build/lib/navegation
[7.628s] copying navegation/joystick_reader.py -> /home/chocolate/SEMEAR/remy/remy_ws/build/navegation/build/lib/navegation
[7.628s] copying navegation/__init__.py -> /home/chocolate/SEMEAR/remy/remy_ws/build/navegation/build/lib/navegation
[7.628s] copying navegation/laser_to_pointcloud.py -> /home/chocolate/SEMEAR/remy/remy_ws/build/navegation/build/lib/navegation
[7.628s] copying navegation/serial_controller.py -> /home/chocolate/SEMEAR/remy/remy_ws/build/navegation/build/lib/navegation
[7.628s] copying navegation/odom_pub.py -> /home/chocolate/SEMEAR/remy/remy_ws/build/navegation/build/lib/navegation
[7.628s] copying navegation/ps4_teleop_node.py -> /home/chocolate/SEMEAR/remy/remy_ws/build/navegation/build/lib/navegation
[7.629s] running install
[7.636s] running install_lib
[7.676s] creating /home/chocolate/SEMEAR/remy/remy_ws/install/navegation/lib/python3.12/site-packages/navegation
[7.676s] copying /home/chocolate/SEMEAR/remy/remy_ws/build/navegation/build/lib/navegation/joystick_reader.py -> /home/chocolate/SEMEAR/remy/remy_ws/install/navegation/lib/python3.12/site-packages/navegation
[7.676s] copying /home/chocolate/SEMEAR/remy/remy_ws/build/navegation/build/lib/navegation/__init__.py -> /home/chocolate/SEMEAR/remy/remy_ws/install/navegation/lib/python3.12/site-packages/navegation
[7.676s] copying /home/chocolate/SEMEAR/remy/remy_ws/build/navegation/build/lib/navegation/laser_to_pointcloud.py -> /home/chocolate/SEMEAR/remy/remy_ws/install/navegation/lib/python3.12/site-packages/navegation
[7.676s] copying /home/chocolate/SEMEAR/remy/remy_ws/build/navegation/build/lib/navegation/serial_controller.py -> /home/chocolate/SEMEAR/remy/remy_ws/install/navegation/lib/python3.12/site-packages/navegation
[7.676s] copying /home/chocolate/SEMEAR/remy/remy_ws/build/navegation/build/lib/navegation/odom_pub.py -> /home/chocolate/SEMEAR/remy/remy_ws/install/navegation/lib/python3.12/site-packages/navegation
[7.676s] copying /home/chocolate/SEMEAR/remy/remy_ws/build/navegation/build/lib/navegation/ps4_teleop_node.py -> /home/chocolate/SEMEAR/remy/remy_ws/install/navegation/lib/python3.12/site-packages/navegation
[7.678s] byte-compiling /home/chocolate/SEMEAR/remy/remy_ws/install/navegation/lib/python3.12/site-packages/navegation/joystick_reader.py to joystick_reader.cpython-312.pyc
[7.679s] byte-compiling /home/chocolate/SEMEAR/remy/remy_ws/install/navegation/lib/python3.12/site-packages/navegation/__init__.py to __init__.cpython-312.pyc
[7.680s] byte-compiling /home/chocolate/SEMEAR/remy/remy_ws/install/navegation/lib/python3.12/site-packages/navegation/laser_to_pointcloud.py to laser_to_pointcloud.cpython-312.pyc
[7.680s] byte-compiling /home/chocolate/SEMEAR/remy/remy_ws/install/navegation/lib/python3.12/site-packages/navegation/serial_controller.py to serial_controller.cpython-312.pyc
[7.681s] byte-compiling /home/chocolate/SEMEAR/remy/remy_ws/install/navegation/lib/python3.12/site-packages/navegation/odom_pub.py to odom_pub.cpython-312.pyc
[7.682s] byte-compiling /home/chocolate/SEMEAR/remy/remy_ws/install/navegation/lib/python3.12/site-packages/navegation/ps4_teleop_node.py to ps4_teleop_node.cpython-312.pyc
[7.682s] running install_data
[7.683s] creating /home/chocolate/SEMEAR/remy/remy_ws/install/navegation/share/ament_index
[7.683s] creating /home/chocolate/SEMEAR/remy/remy_ws/install/navegation/share/ament_index/resource_index
[7.683s] creating /home/chocolate/SEMEAR/remy/remy_ws/install/navegation/share/ament_index/resource_index/packages
[7.683s] copying resource/navegation -> /home/chocolate/SEMEAR/remy/remy_ws/install/navegation/share/ament_index/resource_index/packages
[7.683s] copying package.xml -> /home/chocolate/SEMEAR/remy/remy_ws/install/navegation/share/navegation
[7.683s] creating /home/chocolate/SEMEAR/remy/remy_ws/install/navegation/share/navegation/launch
[7.683s] copying launch/localization_launch.py -> /home/chocolate/SEMEAR/remy/remy_ws/install/navegation/share/navegation/launch
[7.683s] copying launch/ekf_launch.py -> /home/chocolate/SEMEAR/remy/remy_ws/install/navegation/share/navegation/launch
[7.683s] creating /home/chocolate/SEMEAR/remy/remy_ws/install/navegation/share/navegation/config
[7.683s] copying config/ekf_filter_node.yaml -> /home/chocolate/SEMEAR/remy/remy_ws/install/navegation/share/navegation/config
[7.700s] copying config/ekf_config.yaml -> /home/chocolate/SEMEAR/remy/remy_ws/install/navegation/share/navegation/config
[7.700s] copying config/slam_params.yaml -> /home/chocolate/SEMEAR/remy/remy_ws/install/navegation/share/navegation/config
[7.701s] copying config/ps4_teleop.yaml -> /home/chocolate/SEMEAR/remy/remy_ws/install/navegation/share/navegation/config
[7.701s] creating /home/chocolate/SEMEAR/remy/remy_ws/install/navegation/share/navegation/maps
[7.702s] copying maps/meu_mapa.yaml -> /home/chocolate/SEMEAR/remy/remy_ws/install/navegation/share/navegation/maps
[7.702s] copying maps/simulacao.pgm -> /home/chocolate/SEMEAR/remy/remy_ws/install/navegation/share/navegation/maps
[7.703s] copying maps/simulacao.yaml -> /home/chocolate/SEMEAR/remy/remy_ws/install/navegation/share/navegation/maps
[7.703s] copying maps/mapa_real.pgm -> /home/chocolate/SEMEAR/remy/remy_ws/install/navegation/share/navegation/maps
[7.704s] copying maps/mapa_real.yaml -> /home/chocolate/SEMEAR/remy/remy_ws/install/navegation/share/navegation/maps
[7.704s] copying maps/meu_mapa.pgm -> /home/chocolate/SEMEAR/remy/remy_ws/install/navegation/share/navegation/maps
[7.705s] running install_egg_info
[7.764s] Copying ../../build/navegation/navegation.egg-info to /home/chocolate/SEMEAR/remy/remy_ws/install/navegation/lib/python3.12/site-packages/navegation-0.0.0-py3.12.egg-info
[7.765s] running install_scripts
[8.018s] Installing joystick_reader script to /home/chocolate/SEMEAR/remy/remy_ws/install/navegation/lib/navegation
[8.018s] Installing laser_to_pointcloud script to /home/chocolate/SEMEAR/remy/remy_ws/install/navegation/lib/navegation
[8.018s] Installing odom_pub script to /home/chocolate/SEMEAR/remy/remy_ws/install/navegation/lib/navegation
[8.018s] Installing ps4_teleop_node script to /home/chocolate/SEMEAR/remy/remy_ws/install/navegation/lib/navegation
[8.018s] Installing serial_controller script to /home/chocolate/SEMEAR/remy/remy_ws/install/navegation/lib/navegation
[8.018s] writing list of installed files to '/home/chocolate/SEMEAR/remy/remy_ws/build/navegation/install.log'
[8.046s] Invoked command in '/home/chocolate/SEMEAR/remy/remy_ws/src/navegation' returned '0': DEBUGINFOD_URLS=https://debuginfod.ubuntu.com PYTHONPATH=/home/chocolate/SEMEAR/remy/remy_ws/build/navegation/prefix_override:/usr/lib/python3/dist-packages/colcon_core/task/python/colcon_distutils_commands:/home/chocolate/SEMEAR/remy/remy_ws/install/navegation/lib/python3.12/site-packages:${PYTHONPATH} /usr/bin/python3 -W ignore:setup.py install is deprecated -W ignore:easy_install command is deprecated setup.py egg_info --egg-base ../../build/navegation build --build-base /home/chocolate/SEMEAR/remy/remy_ws/build/navegation/build install --record /home/chocolate/SEMEAR/remy/remy_ws/build/navegation/install.log --single-version-externally-managed install_data
